[INFO] 19:06:26 Создан фаил file.log Mon Sep 25 19:06:26 MSK 2023
[INFO] 19:06:26 Новое подключение
[INFO] 19:06:26 Пользователь присоединился к чату
[Message] 19:06:26 Привет
[Message] 19:06:26 Хорошо
[Message] 19:06:26 прикольно
[ERROR] 19:06:26  Connection reset
[INFO] 19:13:43 Новое подключение
[INFO] 19:13:43 Пользователь присоединился к чату
[Message] 19:13:43 Как дела
[Message] 19:13:43 ты как
[Message] 19:13:43 я норм
[Message] 19:13:43 яяя
[Message] 19:13:43 Как дела
[Message] 19:13:43 
[Message] 19:13:43 /xit
[INFO] 19:13:43 Пользователь завершил соединение
[ERROR] 19:13:43  Socket closed
[INFO] 19:35:24 Новое подключение
[INFO] 19:35:24 Пользователь присоединился к чату
[Message] 19:35:24 ffffff
[INFO] 19:35:24 Пользователь завершил соединение
[ERROR] 19:35:24  Socket closed
[INFO] 19:36:24 Новое подключение
[INFO] 19:36:24 Пользователь присоединился к чату
[Message] 19:36:24 dasddd
[INFO] 19:36:24 Пользователь завершил соединение
[ERROR] 19:36:24  Socket closed
[INFO] 19:38:03 Новое подключение
[INFO] 19:38:03 Пользователь присоединился к чату
[Message] 19:38:03 ddddd
[INFO] 19:38:03 Пользователь завершил соединение
[ERROR] 19:38:03  Socket closed
[INFO] 19:38:35 Новое подключение
[INFO] 19:38:35 Пользователь присоединился к чату
[Message] 19:38:35 ddddddd
[INFO] 19:38:35 Пользователь завершил соединение
[ERROR] 19:38:35  Socket closed
[INFO] 19:39:48 Новое подключение
[INFO] 19:39:48 Пользователь присоединился к чату
[Message] 19:39:48 dasdd
[INFO] 19:39:48 Пользователь завершил соединение
[ERROR] 19:39:48  Socket closed
[INFO] 19:45:47 Новое подключение
[INFO] 19:45:47 Пользователь присоединился к чату
[Message] 19:45:47 привет
[Message] 19:45:47 хорошо
[ERROR] 19:45:47  Connection reset
[INFO] 19:47:25 Новое подключение
[INFO] 19:47:25 Пользователь присоединился к чату
[ERROR] 19:47:25  Connection reset
[INFO] 19:51:47 Новое подключение
[INFO] 19:51:47 Пользователь присоединился к чату
[Message] 19:51:47 ghbbdnnd
[Message] 19:51:47 ввввввввввв
[Message] 19:51:47 выфвв
[Message] 19:51:47 выфввв
[ERROR] 19:51:47  Connection reset
[INFO] 19:53:44 Новое подключение
[INFO] 19:53:44 Пользователь присоединился к чату
[Message] 19:53:44 aaaa
[ERROR] 19:53:44  Connection reset
[INFO] 19:56:20 Новое подключение
[INFO] 19:56:20 Пользователь присоединился к чату
[Message] 19:56:20 hi
[INFO] 19:56:20 Пользователь завершил соединение
[ERROR] 19:56:20  Socket closed
[INFO] 20:11:12 Новое подключение
[INFO] 20:11:12 Пользователь присоединился к чату
[Message] 20:11:12 dffff
[INFO] 20:11:12 Пользователь завершил соединение
[ERROR] 20:11:12  Socket closed
[INFO] 20:12:12 Новое подключение
[INFO] 20:12:12 Пользователь присоединился к чату
[Message] 20:12:12 ggdfsgf
[INFO] 20:12:12 Пользователь завершил соединение
[ERROR] 20:12:12  Socket closed
[INFO] 20:13:06 Новое подключение
[INFO] 20:13:06 Пользователь присоединился к чату
[Message] 20:13:06 ddd
[Message] 20:13:06 dsad
[INFO] 20:13:59 Новое подключение
[INFO] 20:13:59 Пользователь присоединился к чату
[Message] 20:13:59 gu
[Message] 20:13:59 dsaddddd
[INFO] 20:24:06 Новое подключение
[INFO] 20:24:06 Пользователь присоединился к чату
[Message] 20:24:06 dsadd
[Message] 20:24:06 fsaf
[INFO] 20:24:44 Новое подключение
[INFO] 20:24:44 Пользователь присоединился к чату
[Message] 20:24:44 ddddddd
[Message] 20:24:44 dsadd
[INFO] 20:25:48 Новое подключение
[INFO] 20:25:48 Пользователь присоединился к чату
[Message] 20:25:48 aaaaaaaaaaaaaaaaaaaaaaaaaa
[INFO] 20:28:36 Новое подключение
[INFO] 20:28:36 Пользователь присоединился к чату
[Message] 20:28:36 dsadddd
[INFO] 20:29:19 Новое подключение
[INFO] 20:29:19 Пользователь присоединился к чату
[Message] 20:29:19 sss
[ERROR] 20:29:19  Connection reset
[INFO] 20:33:59 Новое подключение
[INFO] 20:33:59 Пользователь присоединился к чату
[Message] 20:33:59 dsad
[Message] 20:33:59 ssssssssssssss
[Message] 20:33:59 ffffffffffffffff
[INFO] 20:33:59 Пользователь завершил соединение
[ERROR] 20:33:59  Socket closed
[INFO] 20:37:32 Новое подключение
[INFO] 20:37:46 Новое подключение
[INFO] 20:37:46 Пользователь присоединился к чату
[Message] 20:37:46 saddd
[INFO] 20:37:46 Пользователь завершил соединение
[ERROR] 20:37:46  Socket closed
[INFO] 20:40:33 Новое подключение
[INFO] 20:40:33 Пользователь присоединился к чату
[Message] 20:40:33 aaaaaaaaaaaaa
[INFO] 20:40:33 Пользователь завершил соединение
[ERROR] 20:40:33  Socket closed
[INFO] 20:41:32 Новое подключение
[INFO] 20:41:32 Пользователь присоединился к чату
[Message] 20:41:32 asdddd
[INFO] 20:41:32 Пользователь завершил соединение
[ERROR] 20:41:32  Socket closed
[INFO] 20:43:48 Новое подключение
[INFO] 20:43:48 Пользователь присоединился к чату
[Message] 20:43:48 ssssssssssss
[Message] 20:43:48 sd
[INFO] 20:43:48 Пользователь завершил соединение
[ERROR] 20:43:48  Socket closed
[ERROR] 20:44:04  Connection reset
[INFO] 20:48:08 Новое подключение
[INFO] 20:48:08 Пользователь присоединился к чату
[Message] 20:48:08 aaaaa
[Message] 20:48:08 aaaaaaaaaaaaaaaaa
[Message] 20:48:08 Привет
[ERROR] 20:48:08  Connection reset
[INFO] 20:52:02 Новое подключение
[INFO] 20:52:02 Пользователь присоединился к чату
[Message] 20:52:02 Хорошо
[ERROR] 20:52:02  Connection reset
[INFO] 20:54:10 Новое подключение
[INFO] 20:54:10 Пользователь присоединился к чату
[Message] 20:54:10 фффффффффффффффф
[ERROR] 20:54:10  Connection reset
[INFO] 21:22:22 Новое подключение
[INFO] 21:22:22 Пользователь присоединился к чату
[Message] 21:22:22 ddddddddddddddd
[Message] 21:22:22 dsa
[ERROR] 21:22:22  Connection reset
[INFO] 21:24:34 Новое подключение
[INFO] 21:24:34 Пользователь присоединился к чату
[Message] 21:24:34 aaaaaaaaaaaaaaaaaaaaaa
[ERROR] 21:24:34  Connection reset
[INFO] 21:27:50 Новое подключение
[INFO] 21:27:50 Пользователь присоединился к чату
[Message] 21:27:50 aaaaaaaaaaaaaaaaaaaaa
[ERROR] 21:27:50  Connection reset
[INFO] 21:31:09 Новое подключение
[INFO] 21:31:09 Пользователь присоединился к чату
[Message] 21:31:09 sdaaaaaaaaaaaaaaa
[Message] 21:31:09 asddd
[ERROR] 21:31:09  Connection reset
[INFO] 21:47:41 Новое подключение
[INFO] 21:47:41 Пользователь присоединился к чату
[Message] 21:47:41 вывввв
[Message] 21:47:41 ваыва
[Message] 21:47:41 авыва
[ERROR] 21:47:41  Connection reset
[INFO] 21:48:43 Новое подключение
[INFO] 21:48:43 Пользователь присоединился к чату
[Message] 21:48:43 ваавыоаооаоаоаоа
[ERROR] 21:48:43  Connection reset
[INFO] 22:10:55 Новое подключение
[INFO] 22:10:55 Пользователь присоединился к чату
[Message] 22:10:55 dsaddd
[Message] 22:10:55 dsaddddddddddsa
[INFO] 22:10:55 Пользователь завершил соединение
[ERROR] 22:10:55  Socket closed
[INFO] 22:11:31 Новое подключение
[INFO] 22:11:31 Пользователь присоединился к чату
[ERROR] 22:11:31  Connection reset
[INFO] 22:18:33 Новое подключение
[INFO] 22:18:33 Пользователь присоединился к чату
[Message] 22:18:33 fdsffffffffff
[ERROR] 22:18:33  Connection reset
[INFO] 22:22:04 Новое подключение
[INFO] 22:22:04 Пользователь присоединился к чату
[Message] 22:22:04 sdadsddddddddddddddddddddd
[Message] 22:22:04 привет
[ERROR] 22:22:04  Connection reset
[INFO] 01:18:42 Новое подключение
[INFO] 01:18:42 Пользователь присоединился к чату
[Message] 01:18:42 приве
[Message] 01:18:42 как дела
[INFO] 14:49:31 Новое подключение
[INFO] 14:49:31 Пользователь присоединился к чату
[Message] 14:49:31 dddddddddddddddd
[Message] 14:49:31 dddd
[Message] 14:49:31 sdaddddddddddddd
[INFO] 14:49:31 Пользователь завершил соединение
[ERROR] 14:49:31  Socket closed
[INFO] 14:49:57 Новое подключение
[INFO] 14:49:57 Пользователь присоединился к чату
[Message] 14:49:57 aaaaaaaaaaaaaaaaaaaaa
[Message] 14:49:57 dsdddddddddddddd
[ERROR] 14:49:57  Connection reset
[INFO] 15:08:49 Новое подключение
[INFO] 15:08:49 Пользователь присоединился к чату
[Message] 15:08:49 dsad
[INFO] 15:08:54 Новое подключение
[INFO] 15:08:54 Пользователь присоединился к чату
[Message] 15:08:54 aaaaa
[ERROR] 15:08:54  Connection reset
[ERROR] 17:32:12  Connection refused: connect
[ERROR] 17:32:38  Connection refused: connect
[ERROR] 17:36:00  Connection refused: connect
[INFO] 17:37:39 Новое подключение
[INFO] 17:37:39 Пользователь присоединился к чату
[Message] 17:37:39 ddddddd
[ERROR] 17:37:39  Connection reset
[INFO] 17:48:48 Новое подключение
[INFO] 17:48:48 Пользователь присоединился к чату
[Message] 17:48:48 dsasa
[INFO] 17:48:48 Пользователь завершил соединение
[ERROR] 17:48:48  Socket closed
[INFO] 17:48:57 Новое подключение
[INFO] 17:48:57 Пользователь присоединился к чату
[Message] 17:48:57 dddddddddddddddddddddddddddddddd
[Message] 17:48:57 aaaaaaaaa
[INFO] 17:48:57 Пользователь завершил соединение
[ERROR] 17:48:57  Socket closed
[INFO] 17:49:11 Новое подключение
[INFO] 17:49:11 Пользователь присоединился к чату
[Message] 17:49:11 vvvvvvvvvvvvvvvvvvvvvvvv
[ERROR] 17:49:11  Connection reset
[INFO] 18:07:21 Новое подключение
[INFO] 18:07:21 Пользователь присоединился к чату
[Message] 18:07:21 dsad
[Message] 18:07:21 a
[INFO] 18:07:21 Пользователь завершил соединение
[ERROR] 18:07:21  Socket closed
[INFO] 18:07:28 Новое подключение
[INFO] 18:07:28 Пользователь присоединился к чату
[Message] 18:07:28 dad
[Message] 18:07:28 
[Message] 18:07:28 
[ERROR] 18:07:28  Connection reset
[INFO] 18:07:59 Новое подключение
[INFO] 18:07:59 Пользователь присоединился к чату
[Message] 18:07:59 dasda
[INFO] 18:07:59 Пользователь завершил соединение
[ERROR] 18:07:59  Socket closed
[INFO] 18:08:05 Новое подключение
[INFO] 18:08:05 Пользователь присоединился к чату
[Message] 18:08:05 asd
[Message] 18:08:05 
[INFO] 18:08:09 Новое подключение
[INFO] 18:08:09 Пользователь присоединился к чату
